<?xml version="1.0" encoding="UTF-8"?>
<testsuite xmlns:xsi="http://www.w3.org/2001/XMLSchema-instance" xsi:noNamespaceSchemaLocation="https://maven.apache.org/surefire/maven-surefire-plugin/xsd/surefire-test-report-3.0.xsd" version="3.0" name="com.keymanagement.service.KeyManagementServiceTest" time="0.125" tests="9" errors="0" skipped="0" failures="0">
  <properties>
[...]
</properties>
  <testcase name="testEncryptData_ShouldEncryptPlaintext" classname="com.keymanagement.service.KeyManagementServiceTest" time="0.094"/>
  <testcase name="testEncryptData_WithEmptyString_ShouldWork" classname="com.keymanagement.service.KeyManagementServiceTest" time="0.002"/>
  <testcase name="testEncryptData_WithInvalidKeyId_ShouldThrowKeyNotFoundException" classname="com.keymanagement.service.KeyManagementServiceTest" time="0.002"/>
  <testcase name="testCreateKey_ShouldGenerateAndStoreKey" classname="com.keymanagement.service.KeyManagementServiceTest" time="0.002"/>
  <testcase name="testDecryptData_ShouldDecryptCiphertext" classname="com.keymanagement.service.KeyManagementServiceTest" time="0.003"/>
  <testcase name="testDecryptData_WithInvalidKeyId_ShouldThrowKeyNotFoundException" classname="com.keymanagement.service.KeyManagementServiceTest" time="0.005"/>
  <testcase name="testDecryptData_WithInvalidCiphertext_ShouldThrowDecryptionException" classname="com.keymanagement.service.KeyManagementServiceTest" time="0.004"/>
  <testcase name="testEncryptDecrypt_Integration_ShouldWorkEndToEnd" classname="com.keymanagement.service.KeyManagementServiceTest" time="0.005"/>
  <testcase name="testDecryptData_WithInvalidBase64_ShouldThrowException" classname="com.keymanagement.service.KeyManagementServiceTest" time="0.004"/>
</testsuite>